{"C:\\Users\\Administrator\\Documents\\GitHub\\ToDoList\\src\\Tasks.js": {"path":"C:\\Users\\Administrator\\Documents\\GitHub\\ToDoList\\src\\Tasks.js","statementMap":{"0":{"start":{"line":2,"column":19},"end":{"line":2,"column":21}},"1":{"start":{"line":6,"column":6},"end":{"line":6,"column":19}},"2":{"start":{"line":7,"column":6},"end":{"line":7,"column":37}},"3":{"start":{"line":8,"column":6},"end":{"line":8,"column":29}},"4":{"start":{"line":11,"column":21},"end":{"line":13,"column":5}},"5":{"start":{"line":12,"column":6},"end":{"line":12,"column":59}},"6":{"start":{"line":15,"column":23},"end":{"line":15,"column":46}},"7":{"start":{"line":15,"column":29},"end":{"line":15,"column":46}},"8":{"start":{"line":17,"column":24},"end":{"line":24,"column":5}},"9":{"start":{"line":18,"column":6},"end":{"line":22,"column":9}},"10":{"start":{"line":19,"column":8},"end":{"line":21,"column":9}},"11":{"start":{"line":20,"column":10},"end":{"line":20,"column":39}},"12":{"start":{"line":23,"column":6},"end":{"line":23,"column":31}},"13":{"start":{"line":26,"column":25},"end":{"line":32,"column":5}},"14":{"start":{"line":27,"column":23},"end":{"line":27,"column":64}},"15":{"start":{"line":28,"column":6},"end":{"line":30,"column":7}},"16":{"start":{"line":28,"column":19},"end":{"line":28,"column":20}},"17":{"start":{"line":29,"column":8},"end":{"line":29,"column":31}},"18":{"start":{"line":31,"column":6},"end":{"line":31,"column":62}},"19":{"start":{"line":34,"column":24},"end":{"line":38,"column":5}},"20":{"start":{"line":35,"column":6},"end":{"line":35,"column":63}},"21":{"start":{"line":35,"column":47},"end":{"line":35,"column":61}},"22":{"start":{"line":36,"column":6},"end":{"line":36,"column":31}},"23":{"start":{"line":37,"column":6},"end":{"line":37,"column":25}},"24":{"start":{"line":40,"column":29},"end":{"line":47,"column":5}},"25":{"start":{"line":41,"column":6},"end":{"line":45,"column":9}},"26":{"start":{"line":42,"column":8},"end":{"line":44,"column":9}},"27":{"start":{"line":43,"column":10},"end":{"line":43,"column":33}},"28":{"start":{"line":46,"column":6},"end":{"line":46,"column":31}},"29":{"start":{"line":49,"column":33},"end":{"line":58,"column":5}},"30":{"start":{"line":50,"column":6},"end":{"line":52,"column":9}},"31":{"start":{"line":51,"column":8},"end":{"line":51,"column":44}},"32":{"start":{"line":54,"column":6},"end":{"line":54,"column":64}},"33":{"start":{"line":54,"column":47},"end":{"line":54,"column":62}},"34":{"start":{"line":55,"column":6},"end":{"line":55,"column":31}},"35":{"start":{"line":56,"column":6},"end":{"line":56,"column":25}},"36":{"start":{"line":57,"column":6},"end":{"line":57,"column":31}}},"fnMap":{"0":{"name":"(anonymous_0)","decl":{"start":{"line":4,"column":4},"end":{"line":4,"column":5}},"loc":{"start":{"line":4,"column":33},"end":{"line":9,"column":5}},"line":4},"1":{"name":"(anonymous_1)","decl":{"start":{"line":11,"column":21},"end":{"line":11,"column":22}},"loc":{"start":{"line":11,"column":32},"end":{"line":13,"column":5}},"line":11},"2":{"name":"(anonymous_2)","decl":{"start":{"line":15,"column":23},"end":{"line":15,"column":24}},"loc":{"start":{"line":15,"column":29},"end":{"line":15,"column":46}},"line":15},"3":{"name":"(anonymous_3)","decl":{"start":{"line":17,"column":24},"end":{"line":17,"column":25}},"loc":{"start":{"line":17,"column":42},"end":{"line":24,"column":5}},"line":17},"4":{"name":"(anonymous_4)","decl":{"start":{"line":18,"column":25},"end":{"line":18,"column":26}},"loc":{"start":{"line":18,"column":36},"end":{"line":22,"column":7}},"line":18},"5":{"name":"(anonymous_5)","decl":{"start":{"line":26,"column":25},"end":{"line":26,"column":26}},"loc":{"start":{"line":26,"column":31},"end":{"line":32,"column":5}},"line":26},"6":{"name":"(anonymous_6)","decl":{"start":{"line":34,"column":24},"end":{"line":34,"column":25}},"loc":{"start":{"line":34,"column":32},"end":{"line":38,"column":5}},"line":34},"7":{"name":"(anonymous_7)","decl":{"start":{"line":35,"column":37},"end":{"line":35,"column":38}},"loc":{"start":{"line":35,"column":47},"end":{"line":35,"column":61}},"line":35},"8":{"name":"(anonymous_8)","decl":{"start":{"line":40,"column":29},"end":{"line":40,"column":30}},"loc":{"start":{"line":40,"column":37},"end":{"line":47,"column":5}},"line":40},"9":{"name":"(anonymous_9)","decl":{"start":{"line":41,"column":25},"end":{"line":41,"column":26}},"loc":{"start":{"line":41,"column":36},"end":{"line":45,"column":7}},"line":41},"10":{"name":"(anonymous_10)","decl":{"start":{"line":49,"column":33},"end":{"line":49,"column":34}},"loc":{"start":{"line":49,"column":39},"end":{"line":58,"column":5}},"line":49},"11":{"name":"(anonymous_11)","decl":{"start":{"line":50,"column":54},"end":{"line":50,"column":55}},"loc":{"start":{"line":50,"column":64},"end":{"line":52,"column":7}},"line":50},"12":{"name":"(anonymous_12)","decl":{"start":{"line":54,"column":37},"end":{"line":54,"column":38}},"loc":{"start":{"line":54,"column":47},"end":{"line":54,"column":62}},"line":54}},"branchMap":{"0":{"loc":{"start":{"line":19,"column":8},"end":{"line":21,"column":9}},"type":"if","locations":[{"start":{"line":19,"column":8},"end":{"line":21,"column":9}},{"start":{},"end":{}}],"line":19},"1":{"loc":{"start":{"line":42,"column":8},"end":{"line":44,"column":9}},"type":"if","locations":[{"start":{"line":42,"column":8},"end":{"line":44,"column":9}},{"start":{},"end":{}}],"line":42}},"s":{"0":1,"1":3,"2":3,"3":3,"4":1,"5":0,"6":1,"7":0,"8":1,"9":0,"10":0,"11":0,"12":0,"13":1,"14":0,"15":0,"16":0,"17":0,"18":0,"19":1,"20":0,"21":0,"22":0,"23":0,"24":1,"25":0,"26":0,"27":0,"28":0,"29":1,"30":0,"31":0,"32":0,"33":0,"34":0,"35":0,"36":0},"f":{"0":3,"1":0,"2":0,"3":0,"4":0,"5":0,"6":0,"7":0,"8":0,"9":0,"10":0,"11":0,"12":0},"b":{"0":[0,0],"1":[0,0]},"_coverageSchema":"1a1c01bbd47fc00a2c39e90264f33305004495a9","hash":"f2ee90c4dbcf65851fd071c89b3065c3442ec467"}
}
